{"/home/me/Documents/Job-Search/src/playground.js": {"path":"/home/me/Documents/Job-Search/src/playground.js","statementMap":{"0":{"start":{"line":1,"column":14},"end":{"line":1,"column":43}},"1":{"start":{"line":2,"column":19},"end":{"line":2,"column":41}},"2":{"start":{"line":4,"column":0},"end":{"line":4,"column":39}},"3":{"start":{"line":8,"column":0},"end":{"line":8,"column":80}},"4":{"start":{"line":10,"column":18},"end":{"line":19,"column":1}},"5":{"start":{"line":16,"column":4},"end":{"line":16,"column":34}},"6":{"start":{"line":17,"column":4},"end":{"line":17,"column":32}},"7":{"start":{"line":21,"column":0},"end":{"line":21,"column":30}},"8":{"start":{"line":22,"column":0},"end":{"line":22,"column":38}},"9":{"start":{"line":24,"column":0},"end":{"line":24,"column":25}},"10":{"start":{"line":26,"column":0},"end":{"line":26,"column":30}},"11":{"start":{"line":27,"column":0},"end":{"line":27,"column":38}},"12":{"start":{"line":29,"column":0},"end":{"line":29,"column":80}},"13":{"start":{"line":31,"column":30},"end":{"line":37,"column":1}},"14":{"start":{"line":32,"column":2},"end":{"line":36,"column":3}},"15":{"start":{"line":33,"column":4},"end":{"line":33,"column":18}},"16":{"start":{"line":35,"column":4},"end":{"line":35,"column":17}},"17":{"start":{"line":38,"column":25},"end":{"line":44,"column":1}},"18":{"start":{"line":39,"column":14},"end":{"line":39,"column":15}},"19":{"start":{"line":40,"column":2},"end":{"line":42,"column":3}},"20":{"start":{"line":40,"column":15},"end":{"line":40,"column":16}},"21":{"start":{"line":41,"column":4},"end":{"line":41,"column":22}},"22":{"start":{"line":43,"column":2},"end":{"line":43,"column":15}}},"fnMap":{"0":{"name":"(anonymous_0)","decl":{"start":{"line":15,"column":2},"end":{"line":15,"column":3}},"loc":{"start":{"line":15,"column":17},"end":{"line":18,"column":3}},"line":15},"1":{"name":"(anonymous_1)","decl":{"start":{"line":31,"column":30},"end":{"line":31,"column":31}},"loc":{"start":{"line":31,"column":42},"end":{"line":37,"column":1}},"line":31},"2":{"name":"(anonymous_2)","decl":{"start":{"line":38,"column":25},"end":{"line":38,"column":26}},"loc":{"start":{"line":38,"column":35},"end":{"line":44,"column":1}},"line":38}},"branchMap":{"0":{"loc":{"start":{"line":32,"column":2},"end":{"line":36,"column":3}},"type":"if","locations":[{"start":{"line":32,"column":2},"end":{"line":36,"column":3}},{"start":{"line":34,"column":9},"end":{"line":36,"column":3}}],"line":32}},"s":{"0":1,"1":1,"2":1,"3":1,"4":1,"5":1,"6":1,"7":1,"8":1,"9":1,"10":1,"11":1,"12":1,"13":1,"14":2,"15":1,"16":1,"17":1,"18":1,"19":1,"20":1,"21":3,"22":1},"f":{"0":1,"1":2,"2":1},"b":{"0":[1,1]},"_coverageSchema":"1a1c01bbd47fc00a2c39e90264f33305004495a9","hash":"03aa9a700a9c8d44374cea9d6976fed1bd5498d9"}
}
